#
# There is insufficient memory for the Java Runtime Environment to continue.
# Native memory allocation (mmap) failed to map 65536 bytes for Failed to commit metaspace.
# Possible reasons:
#   The system is out of physical RAM or swap space
#   The process is running with CompressedOops enabled, and the Java Heap may be blocking the growth of the native heap
# Possible solutions:
#   Reduce memory load on the system
#   Increase physical memory or swap space
#   Check if swap backing store is full
#   Decrease Java heap size (-Xmx/-Xms)
#   Decrease number of Java threads
#   Decrease Java thread stack sizes (-Xss)
#   Set larger code cache with -XX:ReservedCodeCacheSize=
#   JVM is running with Unscaled Compressed Oops mode in which the Java heap is
#     placed in the first 4GB address space. The Java Heap base address is the
#     maximum limit for the native heap growth. Please use -XX:HeapBaseMinAddress
#     to set the Java Heap base and to place the Java Heap above 4GB virtual address.
# This output file may be truncated or incomplete.
#
#  Out of Memory Error (virtualSpaceNode.cpp:110), pid=9432, tid=17248
#
# JRE version: OpenJDK Runtime Environment Temurin-17.0.2+8 (17.0.2+8) (build 17.0.2+8)
# Java VM: OpenJDK 64-Bit Server VM Temurin-17.0.2+8 (17.0.2+8, mixed mode, tiered, compressed oops, compressed class ptrs, parallel gc, windows-amd64)
# No core dump will be written. Minidumps are not enabled by default on client versions of Windows
#

---------------  S U M M A R Y ------------

Command Line: --add-modules=ALL-SYSTEM --add-opens=java.base/java.util=ALL-UNNAMED --add-opens=java.base/java.lang=ALL-UNNAMED --add-opens=java.base/sun.nio.fs=ALL-UNNAMED -Declipse.application=org.eclipse.jdt.ls.core.id1 -Dosgi.bundles.defaultStartLevel=4 -Declipse.product=org.eclipse.jdt.ls.core.product -Djava.import.generatesMetadataFilesAtProjectRoot=false -Dfile.encoding=utf8 -DwatchParentProcess=false -XX:+UseParallelGC -XX:GCTimeRatio=4 -XX:AdaptiveSizePolicyWeight=90 -Dsun.zip.disableMemoryMapping=true -Xmx1G -Xms100m c:\Users\Dharshan saravanan\.vscode\extensions\redhat.java-1.4.0\server\plugins\org.eclipse.equinox.launcher_1.6.400.v20210924-0641.jar -configuration c:\Users\Dharshan saravanan\AppData\Roaming\Code\User\globalStorage\redhat.java\1.4.0\config_ss_win -data c:\Users\Dharshan saravanan\AppData\Roaming\Code\User\workspaceStorage\c5f1f6cb9699cdf8ed1bb5b44dc90be6\redhat.java\ss_ws

Host: AMD Ryzen 3 3250U with Radeon Graphics         , 4 cores, 3G,  Windows 10 , 64 bit Build 19041 (10.0.19041.1348)
Time: Thu Mar 31 12:38:44 2022 India Standard Time elapsed time: 5.279252 seconds (0d 0h 0m 5s)

---------------  T H R E A D  ---------------

Current thread (0x0000025ef84ff240):  JavaThread "Start Level: Equinox Container: 6b8873ba-098f-4e80-b819-1b833bcfd0c2" daemon [_thread_in_vm, id=17248, stack(0x000000bd7e100000,0x000000bd7e200000)]

Stack: [0x000000bd7e100000,0x000000bd7e200000]
Native frames: (J=compiled Java code, j=interpreted, Vv=VM code, C=native code)
V  [jvm.dll+0x67564a]
V  [jvm.dll+0x82fc04]
V  [jvm.dll+0x8313ae]
V  [jvm.dll+0x831a13]
V  [jvm.dll+0x245235]
V  [jvm.dll+0x82bbab]
V  [jvm.dll+0x61a336]
V  [jvm.dll+0x1c016e]
V  [jvm.dll+0x61cc81]
V  [jvm.dll+0x61acd6]
V  [jvm.dll+0x23979f]
V  [jvm.dll+0x6249f5]
V  [jvm.dll+0x1e9eab]
V  [jvm.dll+0x1ea3e5]
V  [jvm.dll+0x1eae1f]
V  [jvm.dll+0x1e02c1]
V  [jvm.dll+0x53b6e0]
V  [jvm.dll+0x7aad88]
V  [jvm.dll+0x7aae74]
V  [jvm.dll+0x40c2f5]
V  [jvm.dll+0x4124e8]
C  [java.dll+0x17ec]

Java frames: (J=compiled Java code, j=interpreted, Vv=VM code)
J 1023  java.lang.ClassLoader.defineClass1(Ljava/lang/ClassLoader;Ljava/lang/String;[BIILjava/security/ProtectionDomain;Ljava/lang/String;)Ljava/lang/Class; java.base@17.0.2 (0 bytes) @ 0x0000025e87b233db [0x0000025e87b23320+0x00000000000000bb]
J 1403 c1 java.lang.ClassLoader.defineClass(Ljava/lang/String;[BIILjava/security/ProtectionDomain;)Ljava/lang/Class; java.base@17.0.2 (43 bytes) @ 0x0000025e8081d654 [0x0000025e8081d300+0x0000000000000354]
j  org.eclipse.osgi.internal.loader.ModuleClassLoader.defineClass(Ljava/lang/String;[BLorg/eclipse/osgi/internal/loader/classpath/ClasspathEntry;)Lorg/eclipse/osgi/internal/loader/ModuleClassLoader$DefineClassResult;+42
J 1713 c1 org.eclipse.osgi.internal.loader.classpath.ClasspathManager.defineClass(Ljava/lang/String;[BLorg/eclipse/osgi/internal/loader/classpath/ClasspathEntry;Lorg/eclipse/osgi/storage/bundlefile/BundleEntry;Ljava/util/List;)Ljava/lang/Class; (636 bytes) @ 0x0000025e808e2b34 [0x0000025e808e1160+0x00000000000019d4]
J 1484 c1 org.eclipse.osgi.internal.loader.classpath.ClasspathManager.findClassImpl(Ljava/lang/String;Lorg/eclipse/osgi/internal/loader/classpath/ClasspathEntry;Ljava/util/List;)Ljava/lang/Class; (308 bytes) @ 0x0000025e80866af4 [0x0000025e80863d40+0x0000000000002db4]
J 1483 c1 org.eclipse.osgi.internal.loader.classpath.ClasspathManager.findLocalClassImpl(Ljava/lang/String;[Lorg/eclipse/osgi/internal/loader/classpath/ClasspathEntry;Ljava/util/List;)Ljava/lang/Class; (55 bytes) @ 0x0000025e80862ccc [0x0000025e80862b40+0x000000000000018c]
J 1700 c1 org.eclipse.osgi.internal.loader.classpath.ClasspathManager.findLocalClassImpl(Ljava/lang/String;Ljava/util/List;)Ljava/lang/Class; (132 bytes) @ 0x0000025e808da454 [0x0000025e808d9f40+0x0000000000000514]
J 1472 c1 org.eclipse.osgi.internal.loader.classpath.ClasspathManager.findLocalClass(Ljava/lang/String;)Ljava/lang/Class; (210 bytes) @ 0x0000025e8085233c [0x0000025e808516a0+0x0000000000000c9c]
J 1470 c1 org.eclipse.osgi.internal.loader.BundleLoader.findLocalClass(Ljava/lang/String;)Ljava/lang/Class; (152 bytes) @ 0x0000025e8084f7ec [0x0000025e8084efa0+0x000000000000084c]
J 1400 c1 org.eclipse.osgi.internal.loader.BundleLoader.findClass0(Ljava/lang/String;Z)Ljava/lang/Class; (461 bytes) @ 0x0000025e8081a084 [0x0000025e808179a0+0x00000000000026e4]
J 1399 c1 org.eclipse.osgi.internal.loader.BundleLoader.findClass(Ljava/lang/String;)Ljava/lang/Class; (7 bytes) @ 0x0000025e8081709c [0x0000025e80817020+0x000000000000007c]
J 1443 c1 org.eclipse.osgi.internal.loader.ModuleClassLoader.loadClass(Ljava/lang/String;Z)Ljava/lang/Class; (20 bytes) @ 0x0000025e8083dd7c [0x0000025e8083dc60+0x000000000000011c]
J 660 c1 java.lang.ClassLoader.loadClass(Ljava/lang/String;)Ljava/lang/Class; java.base@17.0.2 (7 bytes) @ 0x0000025e806ac23c [0x0000025e806ac140+0x00000000000000fc]
v  ~StubRoutines::call_stub
j  org.eclipse.core.internal.resources.Workspace.<init>()V+104
j  org.eclipse.core.resources.ResourcesPlugin.start(Lorg/osgi/framework/BundleContext;)V+43
j  org.eclipse.osgi.internal.framework.BundleContextImpl$2.run()Ljava/lang/Void;+23
j  org.eclipse.osgi.internal.framework.BundleContextImpl$2.run()Ljava/lang/Object;+1
J 996 c1 java.security.AccessController.executePrivileged(Ljava/security/PrivilegedExceptionAction;Ljava/security/AccessControlContext;Ljava/lang/Class;)Ljava/lang/Object; java.base@17.0.2 (65 bytes) @ 0x0000025e8074e134 [0x0000025e8074dfe0+0x0000000000000154]
j  java.security.AccessController.doPrivileged(Ljava/security/PrivilegedExceptionAction;)Ljava/lang/Object;+9 java.base@17.0.2
j  org.eclipse.osgi.internal.framework.BundleContextImpl.startActivator(Lorg/osgi/framework/BundleActivator;)V+9
j  org.eclipse.osgi.internal.framework.BundleContextImpl.start()V+134
j  org.eclipse.osgi.internal.framework.EquinoxBundle.startWorker0()V+35
j  org.eclipse.osgi.internal.framework.EquinoxBundle$EquinoxModule.startWorker()V+4
j  org.eclipse.osgi.container.Module.doStart([Lorg/eclipse/osgi/container/Module$StartOptions;)Lorg/eclipse/osgi/container/ModuleContainerAdaptor$ModuleEvent;+190
j  org.eclipse.osgi.container.Module.start([Lorg/eclipse/osgi/container/Module$StartOptions;)V+460
j  org.eclipse.osgi.framework.util.SecureAction.start(Lorg/eclipse/osgi/container/Module;[Lorg/eclipse/osgi/container/Module$StartOptions;)V+8
j  org.eclipse.osgi.internal.hooks.EclipseLazyStarter.postFindLocalClass(Ljava/lang/String;Ljava/lang/Class;Lorg/eclipse/osgi/internal/loader/classpath/ClasspathManager;)V+173
J 1472 c1 org.eclipse.osgi.internal.loader.classpath.ClasspathManager.findLocalClass(Ljava/lang/String;)Ljava/lang/Class; (210 bytes) @ 0x0000025e80852654 [0x0000025e808516a0+0x0000000000000fb4]
J 1470 c1 org.eclipse.osgi.internal.loader.BundleLoader.findLocalClass(Ljava/lang/String;)Ljava/lang/Class; (152 bytes) @ 0x0000025e8084f7ec [0x0000025e8084efa0+0x000000000000084c]
J 1400 c1 org.eclipse.osgi.internal.loader.BundleLoader.findClass0(Ljava/lang/String;Z)Ljava/lang/Class; (461 bytes) @ 0x0000025e8081a084 [0x0000025e808179a0+0x00000000000026e4]
J 1399 c1 org.eclipse.osgi.internal.loader.BundleLoader.findClass(Ljava/lang/String;)Ljava/lang/Class; (7 bytes) @ 0x0000025e8081709c [0x0000025e80817020+0x000000000000007c]
J 1443 c1 org.eclipse.osgi.internal.loader.ModuleClassLoader.loadClass(Ljava/lang/String;Z)Ljava/lang/Class; (20 bytes) @ 0x0000025e8083dd7c [0x0000025e8083dc60+0x000000000000011c]
J 660 c1 java.lang.ClassLoader.loadClass(Ljava/lang/String;)Ljava/lang/Class; java.base@17.0.2 (7 bytes) @ 0x0000025e806ac23c [0x0000025e806ac140+0x00000000000000fc]
v  ~StubRoutines::call_stub
j  java.lang.Class.getDeclaredConstructors0(Z)[Ljava/lang/reflect/Constructor;+0 java.base@17.0.2
j  java.lang.Class.privateGetDeclaredConstructors(Z)[Ljava/lang/reflect/Constructor;+52 java.base@17.0.2
j  java.lang.Class.getConstructor0([Ljava/lang/Class;I)Ljava/lang/reflect/Constructor;+14 java.base@17.0.2
j  java.lang.Class.getConstructor([Ljava/lang/Class;)Ljava/lang/reflect/Constructor;+24 java.base@17.0.2
j  org.eclipse.osgi.internal.framework.BundleContextImpl.loadBundleActivator()Lorg/osgi/framework/BundleActivator;+105
j  org.eclipse.osgi.internal.framework.BundleContextImpl.start()V+18
j  org.eclipse.osgi.internal.framework.EquinoxBundle.startWorker0()V+35
j  org.eclipse.osgi.internal.framework.EquinoxBundle$EquinoxModule.startWorker()V+4
j  org.eclipse.osgi.container.Module.doStart([Lorg/eclipse/osgi/container/Module$StartOptions;)Lorg/eclipse/osgi/container/ModuleContainerAdaptor$ModuleEvent;+190
j  org.eclipse.osgi.container.Module.start([Lorg/eclipse/osgi/container/Module$StartOptions;)V+460
j  org.eclipse.osgi.container.ModuleContainer$ContainerStartLevel$2.run()V+71
j  org.eclipse.osgi.internal.framework.EquinoxContainerAdaptor$1$1.execute(Ljava/lang/Runnable;)V+1
j  org.eclipse.osgi.container.ModuleContainer$ContainerStartLevel.incStartLevel(ILjava/util/List;Z)V+192
j  org.eclipse.osgi.container.ModuleContainer$ContainerStartLevel.incStartLevel(ILjava/util/List;Ljava/util/List;Ljava/util/List;Ljava/util/List;)V+19
j  org.eclipse.osgi.container.ModuleContainer$ContainerStartLevel.doContainerStartLevel(Lorg/eclipse/osgi/container/Module;I[Lorg/osgi/framework/FrameworkListener;)V+349
j  org.eclipse.osgi.container.ModuleContainer$ContainerStartLevel.dispatchEvent(Lorg/eclipse/osgi/container/Module;[Lorg/osgi/framework/FrameworkListener;ILjava/lang/Integer;)V+32
j  org.eclipse.osgi.container.ModuleContainer$ContainerStartLevel.dispatchEvent(Ljava/lang/Object;Ljava/lang/Object;ILjava/lang/Object;)V+15
j  org.eclipse.osgi.framework.eventmgr.EventManager.dispatchEvent(Ljava/util/Set;Lorg/eclipse/osgi/framework/eventmgr/EventDispatcher;ILjava/lang/Object;)V+48
j  org.eclipse.osgi.framework.eventmgr.EventManager$EventThread.run()V+26
v  ~StubRoutines::call_stub

---------------  P R O C E S S  ---------------

Threads class SMR info:
_java_thread_list=0x0000025ef8a32d70, length=18, elements={
0x0000025eef811420, 0x0000025ef656eb60, 0x0000025ef656f9d0, 0x0000025ef659a280,
0x0000025ef659b0f0, 0x0000025ef659ed80, 0x0000025ef65a0740, 0x0000025ef65a1420,
0x0000025ef65deab0, 0x0000025ef7f249e0, 0x0000025ef7f93fe0, 0x0000025ef80d4060,
0x0000025ef84fe8a0, 0x0000025ef84fed70, 0x0000025ef84ff240, 0x0000025ef84ff710,
0x0000025ef84ffbe0, 0x0000025ef8a88f30
}

Java Threads: ( => current thread )
  0x0000025eef811420 JavaThread "main" [_thread_in_vm, id=18848, stack(0x000000bd7d000000,0x000000bd7d100000)]
  0x0000025ef656eb60 JavaThread "Reference Handler" daemon [_thread_blocked, id=10204, stack(0x000000bd7d300000,0x000000bd7d400000)]
  0x0000025ef656f9d0 JavaThread "Finalizer" daemon [_thread_blocked, id=2136, stack(0x000000bd7d400000,0x000000bd7d500000)]
  0x0000025ef659a280 JavaThread "Signal Dispatcher" daemon [_thread_blocked, id=13576, stack(0x000000bd7d500000,0x000000bd7d600000)]
  0x0000025ef659b0f0 JavaThread "Attach Listener" daemon [_thread_blocked, id=24780, stack(0x000000bd7d600000,0x000000bd7d700000)]
  0x0000025ef659ed80 JavaThread "Service Thread" daemon [_thread_blocked, id=11700, stack(0x000000bd7d700000,0x000000bd7d800000)]
  0x0000025ef65a0740 JavaThread "Monitor Deflation Thread" daemon [_thread_blocked, id=17448, stack(0x000000bd7d800000,0x000000bd7d900000)]
  0x0000025ef65a1420 JavaThread "C2 CompilerThread0" daemon [_thread_blocked, id=21520, stack(0x000000bd7d900000,0x000000bd7da00000)]
  0x0000025ef65deab0 JavaThread "C1 CompilerThread0" daemon [_thread_blocked, id=23632, stack(0x000000bd7da00000,0x000000bd7db00000)]
  0x0000025ef7f249e0 JavaThread "Sweeper thread" daemon [_thread_blocked, id=23448, stack(0x000000bd7db00000,0x000000bd7dc00000)]
  0x0000025ef7f93fe0 JavaThread "Common-Cleaner" daemon [_thread_blocked, id=28584, stack(0x000000bd7dc00000,0x000000bd7dd00000)]
  0x0000025ef80d4060 JavaThread "Notification Thread" daemon [_thread_blocked, id=18916, stack(0x000000bd7dd00000,0x000000bd7de00000)]
  0x0000025ef84fe8a0 JavaThread "Active Thread: Equinox Container: 6b8873ba-098f-4e80-b819-1b833bcfd0c2" [_thread_blocked, id=10880, stack(0x000000bd7df00000,0x000000bd7e000000)]
  0x0000025ef84fed70 JavaThread "Framework Event Dispatcher: Equinox Container: 6b8873ba-098f-4e80-b819-1b833bcfd0c2" daemon [_thread_blocked, id=13504, stack(0x000000bd7e000000,0x000000bd7e100000)]
=>0x0000025ef84ff240 JavaThread "Start Level: Equinox Container: 6b8873ba-098f-4e80-b819-1b833bcfd0c2" daemon [_thread_in_vm, id=17248, stack(0x000000bd7e100000,0x000000bd7e200000)]
  0x0000025ef84ff710 JavaThread "SCR Component Actor" daemon [_thread_blocked, id=26772, stack(0x000000bd7e200000,0x000000bd7e300000)]
  0x0000025ef84ffbe0 JavaThread "Timer-0" [_thread_blocked, id=23184, stack(0x000000bd7e600000,0x000000bd7e700000)]
  0x0000025ef8a88f30 JavaThread "Worker-JM" [_thread_blocked, id=12576, stack(0x000000bd7e700000,0x000000bd7e800000)]

Other Threads:
  0x0000025ef6554d30 VMThread "VM Thread" [stack: 0x000000bd7d200000,0x000000bd7d300000] [id=17904]
  0x0000025ef6573c00 WatcherThread [stack: 0x000000bd7de00000,0x000000bd7df00000] [id=6584]
  0x0000025eef827dc0 GCTaskThread "GC Thread#0" [stack: 0x000000bd7d100000,0x000000bd7d200000] [id=24580]
  0x0000025ef86c2e90 GCTaskThread "GC Thread#1" [stack: 0x000000bd7e300000,0x000000bd7e400000] [id=13960]
  0x0000025ef87163f0 GCTaskThread "GC Thread#2" [stack: 0x000000bd7e400000,0x000000bd7e500000] [id=1216]
  0x0000025ef8716c50 GCTaskThread "GC Thread#3" [stack: 0x000000bd7e500000,0x000000bd7e600000] [id=25336]

Threads with active compile tasks:

VM state: not at safepoint (normal execution)

VM Mutex/Monitor currently owned by a thread:  ([mutex/lock_event])
[0x0000025eef7117f0] Metaspace_lock - owner thread: 0x0000025ef84ff240

Heap address: 0x00000000c0000000, size: 1024 MB, Compressed Oops mode: 32-bit

CDS archive(s) not mapped
Compressed class space mapped at: 0x0000000100000000-0x0000000140000000, reserved size: 1073741824
Narrow klass base: 0x0000000000000000, Narrow klass shift: 3, Narrow klass range: 0x140000000

GC Precious Log:
 CPUs: 4 total, 4 available
 Memory: 3460M
 Large Page Support: Disabled
 NUMA Support: Disabled
 Compressed Oops: Enabled (32-bit)
 Alignments: Space 512K, Generation 512K, Heap 2M
 Heap Min Capacity: 100M
 Heap Initial Capacity: 100M
 Heap Max Capacity: 1G
 Pre-touch: Disabled
 Parallel Workers: 4

Heap:
 PSYoungGen      total 29696K, used 14973K [0x00000000eab00000, 0x00000000ecc00000, 0x0000000100000000)
  eden space 25600K, 42% used [0x00000000eab00000,0x00000000eb5bf980,0x00000000ec400000)
  from space 4096K, 96% used [0x00000000ec400000,0x00000000ec7dfd68,0x00000000ec800000)
  to   space 4096K, 0% used [0x00000000ec800000,0x00000000ec800000,0x00000000ecc00000)
 ParOldGen       total 68608K, used 24K [0x00000000c0000000, 0x00000000c4300000, 0x00000000eab00000)
  object space 68608K, 0% used [0x00000000c0000000,0x00000000c0006000,0x00000000c4300000)
 Metaspace       used 18147K, committed 18432K, reserved 1073152K
  class space    used 1857K, committed 1984K, reserved 1048576K

Card table byte_map: [0x0000025ef3e70000,0x0000025ef4080000] _byte_map_base: 0x0000025ef3870000

Marking Bits: (ParMarkBitMap*) 0x00007ffa4a493af0
 Begin Bits: [0x0000025ef41e0000, 0x0000025ef51e0000)
 End Bits:   [0x0000025ef51e0000, 0x0000025ef61e0000)

Polling page: 0x0000025eef6a0000

Metaspace:

Usage:
  Non-class:     15.91 MB used.
      Class:      1.81 MB used.
       Both:     17.72 MB used.

Virtual space:
  Non-class space:       24.00 MB reserved,      16.06 MB ( 67%) committed,  3 nodes.
      Class space:        1.00 GB reserved,       1.94 MB ( <1%) committed,  1 nodes.
             Both:        1.02 GB reserved,      18.00 MB (  2%) committed. 

Chunk freelists:
   Non-Class:  3.48 MB
       Class:  1.95 MB
        Both:  5.44 MB

MaxMetaspaceSize: unlimited
CompressedClassSpaceSize: 1.00 GB
Initial GC threshold: 21.00 MB
Current GC threshold: 21.00 MB
CDS: off
MetaspaceReclaimPolicy: balanced
 - commit_granule_bytes: 65536.
 - commit_granule_words: 8192.
 - virtual_space_node_default_size: 1048576.
 - enlarge_chunks_in_place: 1.
 - new_chunks_are_fully_committed: 0.
 - uncommit_free_chunks: 1.
 - use_allocation_guard: 0.
 - handle_deallocations: 1.


Internal statistics:

num_allocs_failed_limit: 0.
num_arena_births: 116.
num_arena_deaths: 0.
num_vsnodes_births: 4.
num_vsnodes_deaths: 0.
num_space_committed: 288.
num_space_uncommitted: 0.
num_chunks_returned_to_freelist: 0.
num_chunks_taken_from_freelist: 450.
num_chunk_merges: 0.
num_chunk_splits: 302.
num_chunks_enlarged: 215.
num_purges: 0.
num_inconsistent_stats: 0.

CodeHeap 'non-profiled nmethods': size=120000Kb used=537Kb max_used=537Kb free=119462Kb
 bounds [0x0000025e87ad0000, 0x0000025e87d40000, 0x0000025e8f000000]
CodeHeap 'profiled nmethods': size=120000Kb used=3407Kb max_used=3407Kb free=116592Kb
 bounds [0x0000025e805a0000, 0x0000025e80900000, 0x0000025e87ad0000]
CodeHeap 'non-nmethods': size=5760Kb used=1173Kb max_used=1188Kb free=4586Kb
 bounds [0x0000025e80000000, 0x0000025e80270000, 0x0000025e805a0000]
 total_blobs=2203 nmethods=1729 adapters=388
 compilation: enabled
              stopped_count=0, restarted_count=0
 full_count=0

Compilation events (20 events):
Event: 5.037 Thread 0x0000025ef65deab0 1721   !   3       org.eclipse.osgi.internal.loader.ModuleClassLoader::publicGetPackage (18 bytes)
Event: 5.037 Thread 0x0000025ef65deab0 nmethod 1721 0x0000025e808e8c90 code [0x0000025e808e8e40, 0x0000025e808e90c8]
Event: 5.037 Thread 0x0000025ef65deab0 1722   !   3       org.eclipse.osgi.internal.weaving.WeavingHookConfigurator::processClass (245 bytes)
Event: 5.039 Thread 0x0000025ef65deab0 nmethod 1722 0x0000025e808e9210 code [0x0000025e808e95c0, 0x0000025e808eb278]
Event: 5.039 Thread 0x0000025ef65deab0 1723       3       org.eclipse.osgi.internal.weaving.WeavingHookConfigurator::getRegistry (8 bytes)
Event: 5.040 Thread 0x0000025ef65deab0 nmethod 1723 0x0000025e808ec090 code [0x0000025e808ec240, 0x0000025e808ec498]
Event: 5.040 Thread 0x0000025ef65deab0 1724       3       org.eclipse.osgi.internal.weaving.WovenClassImpl::<init> (80 bytes)
Event: 5.040 Thread 0x0000025ef65deab0 nmethod 1724 0x0000025e808ec610 code [0x0000025e808ec800, 0x0000025e808ecea8]
Event: 5.040 Thread 0x0000025ef65deab0 1725       3       org.eclipse.osgi.internal.weaving.DynamicImportList::<init> (22 bytes)
Event: 5.040 Thread 0x0000025ef65deab0 nmethod 1725 0x0000025e808ed190 code [0x0000025e808ed340, 0x0000025e808ed648]
Event: 5.040 Thread 0x0000025ef65deab0 1726   !   3       org.eclipse.osgi.internal.weaving.WovenClassImpl::callHooks (409 bytes)
Event: 5.042 Thread 0x0000025ef65deab0 nmethod 1726 0x0000025e808ed790 code [0x0000025e808edb60, 0x0000025e808ef758]
Event: 5.042 Thread 0x0000025ef65deab0 1727   !   3       org.eclipse.osgi.internal.loader.ModuleClassLoader::lockClassName (140 bytes)
Event: 5.045 Thread 0x0000025ef65deab0 nmethod 1727 0x0000025e808f0190 code [0x0000025e808f0460, 0x0000025e808f1398]
Event: 5.064 Thread 0x0000025ef65deab0 1728       3       java.util.Arrays::copyOfRange (90 bytes)
Event: 5.065 Thread 0x0000025ef65deab0 nmethod 1728 0x0000025e808f1c90 code [0x0000025e808f1f40, 0x0000025e808f2c18]
Event: 5.070 Thread 0x0000025ef65a1420 1729       4       java.lang.StringLatin1::regionMatchesCI (98 bytes)
Event: 5.081 Thread 0x0000025ef65a1420 nmethod 1729 0x0000025e87b55910 code [0x0000025e87b55ac0, 0x0000025e87b56118]
Event: 5.125 Thread 0x0000025ef65deab0 1730       3       java.lang.CharacterData::of (136 bytes)
Event: 5.125 Thread 0x0000025ef65deab0 nmethod 1730 0x0000025e808f3090 code [0x0000025e808f32c0, 0x0000025e808f3bb8]

GC Heap History (2 events):
Event: 4.093 GC heap before
{Heap before GC invocations=1 (full 0):
 PSYoungGen      total 29696K, used 25600K [0x00000000eab00000, 0x00000000ecc00000, 0x0000000100000000)
  eden space 25600K, 100% used [0x00000000eab00000,0x00000000ec400000,0x00000000ec400000)
  from space 4096K, 0% used [0x00000000ec800000,0x00000000ec800000,0x00000000ecc00000)
  to   space 4096K, 0% used [0x00000000ec400000,0x00000000ec400000,0x00000000ec800000)
 ParOldGen       total 68608K, used 0K [0x00000000c0000000, 0x00000000c4300000, 0x00000000eab00000)
  object space 68608K, 0% used [0x00000000c0000000,0x00000000c0000000,0x00000000c4300000)
 Metaspace       used 13317K, committed 13504K, reserved 1064960K
  class space    used 1355K, committed 1472K, reserved 1048576K
}
Event: 4.103 GC heap after
{Heap after GC invocations=1 (full 0):
 PSYoungGen      total 29696K, used 3967K [0x00000000eab00000, 0x00000000ecc00000, 0x0000000100000000)
  eden space 25600K, 0% used [0x00000000eab00000,0x00000000eab00000,0x00000000ec400000)
  from space 4096K, 96% used [0x00000000ec400000,0x00000000ec7dfd68,0x00000000ec800000)
  to   space 4096K, 0% used [0x00000000ec800000,0x00000000ec800000,0x00000000ecc00000)
 ParOldGen       total 68608K, used 24K [0x00000000c0000000, 0x00000000c4300000, 0x00000000eab00000)
  object space 68608K, 0% used [0x00000000c0000000,0x00000000c0006000,0x00000000c4300000)
 Metaspace       used 13317K, committed 13504K, reserved 1064960K
  class space    used 1355K, committed 1472K, reserved 1048576K
}

Deoptimization events (20 events):
Event: 4.773 Thread 0x0000025ef659b0f0 Uncommon trap: trap_request=0xffffffc6 fr.pc=0x0000025e87b43c3c relative=0x000000000000019c
Event: 4.773 Thread 0x0000025ef659b0f0 Uncommon trap: reason=bimorphic_or_optimized_type_check action=maybe_recompile pc=0x0000025e87b43c3c method=java.util.Collections$UnmodifiableCollection$1.next()Ljava/lang/Object; @ 4 c2
Event: 4.773 Thread 0x0000025ef659b0f0 DEOPT PACKING pc=0x0000025e87b43c3c sp=0x000000bd7d6ff400
Event: 4.773 Thread 0x0000025ef659b0f0 DEOPT UNPACKING pc=0x0000025e800520a3 sp=0x000000bd7d6ff3b0 mode 2
Event: 4.773 Thread 0x0000025ef659b0f0 Uncommon trap: trap_request=0xffffffc6 fr.pc=0x0000025e87b40f38 relative=0x0000000000000098
Event: 4.773 Thread 0x0000025ef659b0f0 Uncommon trap: reason=bimorphic_or_optimized_type_check action=maybe_recompile pc=0x0000025e87b40f38 method=java.util.Collections$UnmodifiableCollection$1.hasNext()Z @ 4 c2
Event: 4.773 Thread 0x0000025ef659b0f0 DEOPT PACKING pc=0x0000025e87b40f38 sp=0x000000bd7d6ff420
Event: 4.773 Thread 0x0000025ef659b0f0 DEOPT UNPACKING pc=0x0000025e800520a3 sp=0x000000bd7d6ff3b0 mode 2
Event: 4.773 Thread 0x0000025ef659b0f0 Uncommon trap: trap_request=0xffffffc6 fr.pc=0x0000025e87b43c3c relative=0x000000000000019c
Event: 4.773 Thread 0x0000025ef659b0f0 Uncommon trap: reason=bimorphic_or_optimized_type_check action=maybe_recompile pc=0x0000025e87b43c3c method=java.util.Collections$UnmodifiableCollection$1.next()Ljava/lang/Object; @ 4 c2
Event: 4.773 Thread 0x0000025ef659b0f0 DEOPT PACKING pc=0x0000025e87b43c3c sp=0x000000bd7d6ff400
Event: 4.773 Thread 0x0000025ef659b0f0 DEOPT UNPACKING pc=0x0000025e800520a3 sp=0x000000bd7d6ff3b0 mode 2
Event: 4.784 Thread 0x0000025ef659b0f0 DEOPT PACKING pc=0x0000025e8068fd3e sp=0x000000bd7d6ff060
Event: 4.784 Thread 0x0000025ef659b0f0 DEOPT UNPACKING pc=0x0000025e80052843 sp=0x000000bd7d6fe4d8 mode 0
Event: 4.786 Thread 0x0000025ef659b0f0 DEOPT PACKING pc=0x0000025e8068fd3e sp=0x000000bd7d6ff0c0
Event: 4.786 Thread 0x0000025ef659b0f0 DEOPT UNPACKING pc=0x0000025e80052843 sp=0x000000bd7d6fe538 mode 0
Event: 4.814 Thread 0x0000025ef84ff240 Uncommon trap: trap_request=0xffffff45 fr.pc=0x0000025e87ae2b48 relative=0x0000000000000048
Event: 4.814 Thread 0x0000025ef84ff240 Uncommon trap: reason=unstable_if action=reinterpret pc=0x0000025e87ae2b48 method=java.lang.CharacterData.of(I)Ljava/lang/CharacterData; @ 4 c2
Event: 4.814 Thread 0x0000025ef84ff240 DEOPT PACKING pc=0x0000025e87ae2b48 sp=0x000000bd7e1f81d0
Event: 4.814 Thread 0x0000025ef84ff240 DEOPT UNPACKING pc=0x0000025e800520a3 sp=0x000000bd7e1f8168 mode 2

Classes unloaded (0 events):
No events

Classes redefined (0 events):
No events

Internal exceptions (20 events):
Event: 2.068 Thread 0x0000025eef811420 Exception <a 'java/lang/ClassNotFoundException'{0x00000000eb638a38}: sun/net/www/protocol/d/Handler> (0x00000000eb638a38) 
thrown [e:\jenkins\tmp\workspace\build\src\src\hotspot\share\classfile\systemDictionary.cpp, line 256]
Event: 2.071 Thread 0x0000025eef811420 Exception <a 'java/lang/ClassNotFoundException'{0x00000000eb639b68}: sun/net/www/protocol/c/Handler> (0x00000000eb639b68) 
thrown [e:\jenkins\tmp\workspace\build\src\src\hotspot\share\classfile\systemDictionary.cpp, line 256]
Event: 2.086 Thread 0x0000025eef811420 Exception <a 'java/io/FileNotFoundException'{0x00000000eb6538e8}> (0x00000000eb6538e8) 
thrown [e:\jenkins\tmp\workspace\build\src\src\hotspot\share\prims\jni.cpp, line 516]
Event: 2.214 Thread 0x0000025eef811420 Implicit null exception at 0x0000025e87b01bfb to 0x0000025e87b02590
Event: 2.214 Thread 0x0000025eef811420 Implicit null exception at 0x0000025e87b00dec to 0x0000025e87b00fcc
Event: 2.214 Thread 0x0000025eef811420 Implicit null exception at 0x0000025e87b0440f to 0x0000025e87b04485
Event: 2.316 Thread 0x0000025eef811420 Exception <a 'java/lang/NoSuchMethodError'{0x00000000eb82ee50}: 'int java.lang.invoke.DirectMethodHandle$Holder.invokeStaticInit(java.lang.Object, java.lang.Object, java.lang.Object, java.lang.Object)'> (0x00000000eb82ee50) 
thrown [e:\jenkins\tmp\workspace\build\src\src\hotspot\share\interpreter\linkResolver.cpp, line 766]
Event: 2.323 Thread 0x0000025eef811420 Exception <a 'java/lang/NoSuchMethodError'{0x00000000eb8394c0}: 'java.lang.Object java.lang.invoke.DirectMethodHandle$Holder.invokeInterface(java.lang.Object, java.lang.Object)'> (0x00000000eb8394c0) 
thrown [e:\jenkins\tmp\workspace\build\src\src\hotspot\share\interpreter\linkResolver.cpp, line 766]
Event: 2.325 Thread 0x0000025eef811420 Exception <a 'java/lang/IncompatibleClassChangeError'{0x00000000eb83ccb8}: Found class java.lang.Object, but interface was expected> (0x00000000eb83ccb8) 
thrown [e:\jenkins\tmp\workspace\build\src\src\hotspot\share\interpreter\linkResolver.cpp, line 833]
Event: 2.328 Thread 0x0000025eef811420 Exception <a 'java/lang/NoSuchMethodError'{0x00000000eb83fbd8}: 'void java.lang.invoke.DirectMethodHandle$Holder.invokeStatic(java.lang.Object, java.lang.Object)'> (0x00000000eb83fbd8) 
thrown [e:\jenkins\tmp\workspace\build\src\src\hotspot\share\interpreter\linkResolver.cpp, line 766]
Event: 2.329 Thread 0x0000025eef811420 Exception <a 'java/lang/NoSuchMethodError'{0x00000000eb8433d8}: 'void java.lang.invoke.DirectMethodHandle$Holder.invokeStaticInit(java.lang.Object, java.lang.Object)'> (0x00000000eb8433d8) 
thrown [e:\jenkins\tmp\workspace\build\src\src\hotspot\share\interpreter\linkResolver.cpp, line 766]
Event: 2.332 Thread 0x0000025eef811420 Exception <a 'java/lang/NoSuchMethodError'{0x00000000eb848f78}: 'int java.lang.invoke.DirectMethodHandle$Holder.invokeStaticInit(java.lang.Object, java.lang.Object)'> (0x00000000eb848f78) 
thrown [e:\jenkins\tmp\workspace\build\src\src\hotspot\share\interpreter\linkResolver.cpp, line 766]
Event: 2.366 Thread 0x0000025eef811420 Exception <a 'java/lang/NoSuchMethodError'{0x00000000eb89bf60}: 'java.lang.Object java.lang.invoke.DirectMethodHandle$Holder.invokeStaticInit(java.lang.Object, int, int, int, int)'> (0x00000000eb89bf60) 
thrown [e:\jenkins\tmp\workspace\build\src\src\hotspot\share\interpreter\linkResolver.cpp, line 766]
Event: 2.437 Thread 0x0000025eef811420 Exception <a 'java/lang/NoSuchMethodError'{0x00000000eb8fa788}: 'java.lang.Object java.lang.invoke.DirectMethodHandle$Holder.invokeStaticInit(java.lang.Object, java.lang.Object, int, int, int, int)'> (0x00000000eb8fa788) 
thrown [e:\jenkins\tmp\workspace\build\src\src\hotspot\share\interpreter\linkResolver.cpp, line 766]
Event: 2.494 Thread 0x0000025eef811420 Exception <a 'java/lang/NoSuchMethodError'{0x00000000eb96faa0}: 'void java.lang.invoke.DirectMethodHandle$Holder.invokeSpecial(java.lang.Object, java.lang.Object, java.lang.Object)'> (0x00000000eb96faa0) 
thrown [e:\jenkins\tmp\workspace\build\src\src\hotspot\share\interpreter\linkResolver.cpp, line 766]
Event: 2.846 Thread 0x0000025eef811420 Exception <a 'java/lang/NoSuchMethodError'{0x00000000ebecf548}: 'java.lang.Object java.lang.invoke.DirectMethodHandle$Holder.newInvokeSpecial(java.lang.Object, int, java.lang.Object)'> (0x00000000ebecf548) 
thrown [e:\jenkins\tmp\workspace\build\src\src\hotspot\share\interpreter\linkResolver.cpp, line 766]
Event: 3.946 Thread 0x0000025eef811420 Exception <a 'java/lang/UnsatisfiedLinkError'{0x00000000ec1d2ac8}: 'void org.eclipse.equinox.launcher.JNIBridge._update_splash()'> (0x00000000ec1d2ac8) 
thrown [e:\jenkins\tmp\workspace\build\src\src\hotspot\share\prims\nativeLookup.cpp, line 543]
Event: 4.009 Thread 0x0000025ef84ff240 Exception <a 'java/lang/NoSuchMethodError'{0x00000000ec3a6620}: 'java.lang.Object java.lang.invoke.DirectMethodHandle$Holder.invokeStaticInit(java.lang.Object)'> (0x00000000ec3a6620) 
thrown [e:\jenkins\tmp\workspace\build\src\src\hotspot\share\interpreter\linkResolver.cpp, line 766]
Event: 4.306 Thread 0x0000025ef84ff240 Exception <a 'java/io/FileNotFoundException'{0x00000000eaf06da8}> (0x00000000eaf06da8) 
thrown [e:\jenkins\tmp\workspace\build\src\src\hotspot\share\prims\jni.cpp, line 516]
Event: 4.893 Thread 0x0000025ef84ff240 Exception <a 'java/lang/NoSuchMethodError'{0x00000000eb4741c0}: 'void java.lang.invoke.DirectMethodHandle$Holder.invokeInterface(java.lang.Object, java.lang.Object, java.lang.Object)'> (0x00000000eb4741c0) 
thrown [e:\jenkins\tmp\workspace\build\src\src\hotspot\share\interpreter\linkResolver.cpp, line 766]

VM Operations (20 events):
Event: 1.923 Executing VM operation: Cleanup
Event: 1.924 Executing VM operation: Cleanup done
Event: 2.389 Executing VM operation: HandshakeAllThreads
Event: 2.389 Executing VM operation: HandshakeAllThreads done
Event: 2.776 Executing VM operation: HandshakeAllThreads
Event: 2.776 Executing VM operation: HandshakeAllThreads done
Event: 2.797 Executing VM operation: HandshakeAllThreads
Event: 2.797 Executing VM operation: HandshakeAllThreads done
Event: 3.811 Executing VM operation: Cleanup
Event: 3.812 Executing VM operation: Cleanup done
Event: 4.030 Executing VM operation: HandshakeAllThreads
Event: 4.093 Executing VM operation: HandshakeAllThreads done
Event: 4.093 Executing VM operation: ParallelGCFailedAllocation
Event: 4.103 Executing VM operation: ParallelGCFailedAllocation done
Event: 4.673 Executing VM operation: HandshakeAllThreads
Event: 4.673 Executing VM operation: HandshakeAllThreads done
Event: 4.815 Executing VM operation: HandshakeAllThreads
Event: 4.815 Executing VM operation: HandshakeAllThreads done
Event: 4.823 Executing VM operation: HandshakeAllThreads
Event: 4.823 Executing VM operation: HandshakeAllThreads done

Events (20 events):
Event: 4.814 loading class java/util/stream/Sink$ChainedInt
Event: 4.814 loading class java/util/stream/Sink$ChainedInt done
Event: 4.814 loading class java/util/stream/IntPipeline$10$1 done
Event: 4.814 loading class java/lang/StringUTF16$CharsSpliterator
Event: 4.814 loading class java/lang/StringUTF16$CharsSpliterator done
Event: 4.814 loading class java/lang/CharacterData00
Event: 4.815 loading class java/lang/CharacterData00 done
Event: 4.820 loading class java/text/DecimalFormat
Event: 4.822 loading class java/text/DecimalFormat done
Event: 4.822 loading class java/text/FieldPosition
Event: 4.822 loading class java/text/FieldPosition done
Event: 4.822 loading class java/text/DigitList
Event: 4.822 loading class java/text/DigitList done
Event: 4.823 loading class java/math/RoundingMode
Event: 4.823 loading class java/math/RoundingMode done
Event: 4.925 Thread 0x0000025ef8a88f30 Thread added: 0x0000025ef8a88f30
Event: 4.932 loading class java/net/URISyntaxException
Event: 4.932 loading class java/net/URISyntaxException done
Event: 5.033 loading class jdk/internal/reflect/UnsafeStaticObjectFieldAccessorImpl
Event: 5.033 loading class jdk/internal/reflect/UnsafeStaticObjectFieldAccessorImpl done


Dynamic libraries:
0x00007ff7dc0c0000 - 0x00007ff7dc0ce000 	c:\Users\Dharshan saravanan\.vscode\extensions\redhat.java-1.4.0\jre\17.0.2-win32-x86_64\bin\java.exe
0x00007ffab4f10000 - 0x00007ffab5105000 	C:\Windows\SYSTEM32\ntdll.dll
0x00007ffab4de0000 - 0x00007ffab4e9e000 	C:\Windows\System32\KERNEL32.DLL
0x00007ffab2b50000 - 0x00007ffab2e18000 	C:\Windows\System32\KERNELBASE.dll
0x00007ffaafad0000 - 0x00007ffaafb60000 	C:\Windows\SYSTEM32\apphelp.dll
0x00007ffab29b0000 - 0x00007ffab2ab0000 	C:\Windows\System32\ucrtbase.dll
0x00007ffa92430000 - 0x00007ffa92449000 	c:\Users\Dharshan saravanan\.vscode\extensions\redhat.java-1.4.0\jre\17.0.2-win32-x86_64\bin\VCRUNTIME140.dll
0x00007ffa92410000 - 0x00007ffa92428000 	c:\Users\Dharshan saravanan\.vscode\extensions\redhat.java-1.4.0\jre\17.0.2-win32-x86_64\bin\jli.dll
0x00007ffab3990000 - 0x00007ffab3b31000 	C:\Windows\System32\USER32.dll
0x00007ffab2e20000 - 0x00007ffab2e42000 	C:\Windows\System32\win32u.dll
0x00007ffab4ea0000 - 0x00007ffab4ecb000 	C:\Windows\System32\GDI32.dll
0x00007ffab2810000 - 0x00007ffab291d000 	C:\Windows\System32\gdi32full.dll
0x00007ffab2ab0000 - 0x00007ffab2b4d000 	C:\Windows\System32\msvcp_win.dll
0x00007ffa9f710000 - 0x00007ffa9f9aa000 	C:\Windows\WinSxS\amd64_microsoft.windows.common-controls_6595b64144ccf1df_6.0.19041.1110_none_60b5254171f9507e\COMCTL32.dll
0x00007ffab4450000 - 0x00007ffab44ee000 	C:\Windows\System32\msvcrt.dll
0x00007ffab4790000 - 0x00007ffab47c0000 	C:\Windows\System32\IMM32.DLL
0x00007ffaaca90000 - 0x00007ffaaca9c000 	c:\Users\Dharshan saravanan\.vscode\extensions\redhat.java-1.4.0\jre\17.0.2-win32-x86_64\bin\vcruntime140_1.dll
0x00007ffa791c0000 - 0x00007ffa79251000 	c:\Users\Dharshan saravanan\.vscode\extensions\redhat.java-1.4.0\jre\17.0.2-win32-x86_64\bin\msvcp140.dll
0x00007ffa49910000 - 0x00007ffa4a557000 	c:\Users\Dharshan saravanan\.vscode\extensions\redhat.java-1.4.0\jre\17.0.2-win32-x86_64\bin\server\jvm.dll
0x00007ffab3bd0000 - 0x00007ffab3c7c000 	C:\Windows\System32\ADVAPI32.dll
0x00007ffab43a0000 - 0x00007ffab443b000 	C:\Windows\System32\sechost.dll
0x00007ffab3f10000 - 0x00007ffab403a000 	C:\Windows\System32\RPCRT4.dll
0x00007ffab3f00000 - 0x00007ffab3f08000 	C:\Windows\System32\PSAPI.DLL
0x00007ffa913c0000 - 0x00007ffa913c9000 	C:\Windows\SYSTEM32\WSOCK32.dll
0x00007ffab3c80000 - 0x00007ffab3ceb000 	C:\Windows\System32\WS2_32.dll
0x00007ffaa5780000 - 0x00007ffaa57a7000 	C:\Windows\SYSTEM32\WINMM.dll
0x00007ffaa8f40000 - 0x00007ffaa8f4a000 	C:\Windows\SYSTEM32\VERSION.dll
0x00007ffab0ea0000 - 0x00007ffab0eb2000 	C:\Windows\SYSTEM32\kernel.appcore.dll
0x00007ffaabcd0000 - 0x00007ffaabcda000 	c:\Users\Dharshan saravanan\.vscode\extensions\redhat.java-1.4.0\jre\17.0.2-win32-x86_64\bin\jimage.dll
0x00007ffab0c90000 - 0x00007ffab0e74000 	C:\Windows\SYSTEM32\DBGHELP.DLL
0x00007ffaa91b0000 - 0x00007ffaa91dc000 	C:\Windows\SYSTEM32\dbgcore.DLL
0x00007ffab2620000 - 0x00007ffab26a2000 	C:\Windows\System32\bcryptPrimitives.dll
0x00007ffa87210000 - 0x00007ffa87235000 	c:\Users\Dharshan saravanan\.vscode\extensions\redhat.java-1.4.0\jre\17.0.2-win32-x86_64\bin\java.dll
0x00007ffa871c0000 - 0x00007ffa871d8000 	c:\Users\Dharshan saravanan\.vscode\extensions\redhat.java-1.4.0\jre\17.0.2-win32-x86_64\bin\zip.dll
0x00007ffab2f50000 - 0x00007ffab3694000 	C:\Windows\System32\SHELL32.dll
0x00007ffab03b0000 - 0x00007ffab0b44000 	C:\Windows\SYSTEM32\windows.storage.dll
0x00007ffab4040000 - 0x00007ffab4395000 	C:\Windows\System32\combase.dll
0x00007ffab1fa0000 - 0x00007ffab1fce000 	C:\Windows\SYSTEM32\Wldp.dll
0x00007ffab46e0000 - 0x00007ffab478d000 	C:\Windows\System32\SHCORE.dll
0x00007ffab3930000 - 0x00007ffab3985000 	C:\Windows\System32\shlwapi.dll
0x00007ffab2560000 - 0x00007ffab257f000 	C:\Windows\SYSTEM32\profapi.dll
0x00007ffa84de0000 - 0x00007ffa84df9000 	C:\Users\Dharshan saravanan\.vscode\extensions\redhat.java-1.4.0\jre\17.0.2-win32-x86_64\bin\net.dll
0x00007ffaa8530000 - 0x00007ffaa863c000 	C:\Windows\SYSTEM32\WINHTTP.dll
0x00007ffab1d00000 - 0x00007ffab1d6a000 	C:\Windows\system32\mswsock.dll
0x00007ffa84dc0000 - 0x00007ffa84dd5000 	C:\Users\Dharshan saravanan\.vscode\extensions\redhat.java-1.4.0\jre\17.0.2-win32-x86_64\bin\nio.dll
0x00007ffab1ef0000 - 0x00007ffab1f08000 	C:\Windows\SYSTEM32\CRYPTSP.dll
0x00007ffab1680000 - 0x00007ffab16b4000 	C:\Windows\system32\rsaenh.dll
0x00007ffab2980000 - 0x00007ffab29a7000 	C:\Windows\System32\bcrypt.dll
0x00007ffab2520000 - 0x00007ffab254e000 	C:\Windows\SYSTEM32\USERENV.dll
0x00007ffab1f10000 - 0x00007ffab1f1c000 	C:\Windows\SYSTEM32\CRYPTBASE.dll
0x00007ffab19f0000 - 0x00007ffab1a2b000 	C:\Windows\SYSTEM32\IPHLPAPI.DLL
0x00007ffab47c0000 - 0x00007ffab47c8000 	C:\Windows\System32\NSI.dll
0x00007ffaaa940000 - 0x00007ffaaa957000 	C:\Windows\SYSTEM32\dhcpcsvc6.DLL
0x00007ffaaaba0000 - 0x00007ffaaabbd000 	C:\Windows\SYSTEM32\dhcpcsvc.DLL
0x00007ffab1a30000 - 0x00007ffab1afb000 	C:\Windows\SYSTEM32\DNSAPI.dll
0x00007ffa83800000 - 0x00007ffa8383e000 	C:\Users\Dharshan saravanan\AppData\Roaming\Code\User\globalStorage\redhat.java\1.4.0\config_ss_win\org.eclipse.equinox.launcher\org.eclipse.equinox.launcher.win32.win32.x86_64_1.2.400.v20211117-0650\eclipse_11602.dll
0x00007ffab3dd0000 - 0x00007ffab3efa000 	C:\Windows\System32\ole32.dll

dbghelp: loaded successfully - version: 4.0.5 - missing functions: none
symbol engine: initialized successfully - sym options: 0x614 - pdb path: .;c:\Users\Dharshan saravanan\.vscode\extensions\redhat.java-1.4.0\jre\17.0.2-win32-x86_64\bin;C:\Windows\SYSTEM32;C:\Windows\WinSxS\amd64_microsoft.windows.common-controls_6595b64144ccf1df_6.0.19041.1110_none_60b5254171f9507e;c:\Users\Dharshan saravanan\.vscode\extensions\redhat.java-1.4.0\jre\17.0.2-win32-x86_64\bin\server;C:\Users\Dharshan saravanan\AppData\Roaming\Code\User\globalStorage\redhat.java\1.4.0\config_ss_win\org.eclipse.equinox.launcher\org.eclipse.equinox.launcher.win32.win32.x86_64_1.2.400.v20211117-0650

VM Arguments:
jvm_args: --add-modules=ALL-SYSTEM --add-opens=java.base/java.util=ALL-UNNAMED --add-opens=java.base/java.lang=ALL-UNNAMED --add-opens=java.base/sun.nio.fs=ALL-UNNAMED -Declipse.application=org.eclipse.jdt.ls.core.id1 -Dosgi.bundles.defaultStartLevel=4 -Declipse.product=org.eclipse.jdt.ls.core.product -Djava.import.generatesMetadataFilesAtProjectRoot=false -Dfile.encoding=utf8 -DwatchParentProcess=false -XX:+UseParallelGC -XX:GCTimeRatio=4 -XX:AdaptiveSizePolicyWeight=90 -Dsun.zip.disableMemoryMapping=true -Xmx1G -Xms100m 
java_command: c:\Users\Dharshan saravanan\.vscode\extensions\redhat.java-1.4.0\server\plugins\org.eclipse.equinox.launcher_1.6.400.v20210924-0641.jar -configuration c:\Users\Dharshan saravanan\AppData\Roaming\Code\User\globalStorage\redhat.java\1.4.0\config_ss_win -data c:\Users\Dharshan saravanan\AppData\Roaming\Code\User\workspaceStorage\c5f1f6cb9699cdf8ed1bb5b44dc90be6\redhat.java\ss_ws
java_class_path (initial): c:\Users\Dharshan saravanan\.vscode\extensions\redhat.java-1.4.0\server\plugins\org.eclipse.equinox.launcher_1.6.400.v20210924-0641.jar
Launcher Type: SUN_STANDARD

[Global flags]
    uintx AdaptiveSizePolicyWeight                 = 90                                        {product} {command line}
     intx CICompilerCount                          = 3                                         {product} {ergonomic}
    uintx GCTimeRatio                              = 4                                         {product} {command line}
   size_t InitialHeapSize                          = 104857600                                 {product} {command line}
   size_t MaxHeapSize                              = 1073741824                                {product} {command line}
   size_t MaxNewSize                               = 357564416                                 {product} {ergonomic}
   size_t MinHeapDeltaBytes                        = 524288                                    {product} {ergonomic}
   size_t MinHeapSize                              = 104857600                                 {product} {command line}
   size_t NewSize                                  = 34603008                                  {product} {ergonomic}
    uintx NonNMethodCodeHeapSize                   = 5832780                                {pd product} {ergonomic}
    uintx NonProfiledCodeHeapSize                  = 122912730                              {pd product} {ergonomic}
   size_t OldSize                                  = 70254592                                  {product} {ergonomic}
    uintx ProfiledCodeHeapSize                     = 122912730                              {pd product} {ergonomic}
    uintx ReservedCodeCacheSize                    = 251658240                              {pd product} {ergonomic}
     bool SegmentedCodeCache                       = true                                      {product} {ergonomic}
   size_t SoftMaxHeapSize                          = 1073741824                             {manageable} {ergonomic}
     bool UseCompressedClassPointers               = true                           {product lp64_product} {ergonomic}
     bool UseCompressedOops                        = true                           {product lp64_product} {ergonomic}
     bool UseLargePagesIndividualAllocation        = false                                  {pd product} {ergonomic}
     bool UseParallelGC                            = true                                      {product} {command line}

Logging:
Log output configuration:
 #0: stdout all=warning uptime,level,tags
 #1: stderr all=off uptime,level,tags

Environment Variables:
PATH=C:\Users\Dharshan saravanan\AppData\Local\Programs\Python\Python310\Scripts\;C:\Users\Dharshan saravanan\AppData\Local\Programs\Python\Python310\;C:\Program Files\Common Files\Oracle\Java\javapath;C:\Windows\system32;C:\Windows;C:\Windows\System32\Wbem;C:\Windows\System32\WindowsPowerShell\v1.0\;C:\Windows\System32\OpenSSH\;C:\ProgramData\chocolatey\bin;C:\Program Files\nodejs\;C:\Users\Dharshan saravanan\AppData\Local\Microsoft\WindowsApps;;C:\Users\Dharshan saravanan\AppData\Local\Programs\Microsoft VS Code\bin;C:\Users\Dharshan saravanan\AppData\Roaming\npm
USERNAME=Dharshan saravanan
OS=Windows_NT
PROCESSOR_IDENTIFIER=AMD64 Family 23 Model 24 Stepping 1, AuthenticAMD



---------------  S Y S T E M  ---------------

OS:
 Windows 10 , 64 bit Build 19041 (10.0.19041.1348)
OS uptime: 10 days 18:21 hours

CPU: total 4 (initial active 4) (4 cores per cpu, 2 threads per core) family 23 model 24 stepping 1 microcode 0x0, cx8, cmov, fxsr, ht, mmx, 3dnowpref, sse, sse2, sse3, ssse3, sse4a, sse4.1, sse4.2, popcnt, lzcnt, tsc, tscinvbit, avx, avx2, aes, clmul, bmi1, bmi2, adx, sha, fma, vzeroupper, clflush, clflushopt

Memory: 4k page, system-wide physical 3460M (196M free)
TotalPageFile size 14212M (AvailPageFile size 187M)
current process WorkingSet (physical memory assigned to process): 88M, peak: 88M
current process commit charge ("private bytes"): 196M, peak: 196M

vm_info: OpenJDK 64-Bit Server VM (17.0.2+8) for windows-amd64 JRE (17.0.2+8), built on Jan 20 2022 04:52:34 by "" with MS VC++ 16.7 (VS2019)

END.
